Fri 12 Aug 2022 12:39:56 PM UTC: 
 tests:  0|7
total_score: 0/70
e073ba3
Fri 12 Aug 2022 12:48:56 PM UTC: 
 exercises.c | 2 +-
 1 file changed, 1 insertion(+), 1 deletion(-)
 tests:  1|6
total_score: 10/70
100c8a9
Fri 12 Aug 2022 12:55:55 PM UTC: 
 exercises.c | 2 +-
 1 file changed, 1 insertion(+), 1 deletion(-)
In file included from test.c:5:
exercises.c: In function ‘sumaNultimos’:
exercises.c:40:17: error: expected expression before ‘]’ token
   40 | *suma = sumaN(a[], m);
      |                 ^
Compilation failed
7c83d11
Fri 12 Aug 2022 12:56:42 PM UTC: 
 exercises.c | 2 +-
 1 file changed, 1 insertion(+), 1 deletion(-)
 tests:  1|6
total_score: 10/70
7e2a99e
Fri 12 Aug 2022 12:58:14 PM UTC: 
 exercises.c | 2 +-
 1 file changed, 1 insertion(+), 1 deletion(-)
In file included from test.c:5:
exercises.c: In function ‘sumaNultimos’:
exercises.c:40:15: error: passing argument 1 of ‘sumaN’ makes pointer from integer without a cast [-Werror=int-conversion]
   40 | *suma = sumaN(*a, m);
      |               ^~
      |               |
      |               int
exercises.c:21:15: note: expected ‘int *’ but argument is of type ‘int’
   21 | int sumaN(int a[], int N) {
      |           ~~~~^~~
cc1: all warnings being treated as errors
Compilation failed
7174d2f
Fri 12 Aug 2022 12:58:21 PM UTC: 
 exercises.c | 2 +-
 1 file changed, 1 insertion(+), 1 deletion(-)
 tests:  1|6
total_score: 10/70
84acf58
Fri 12 Aug 2022 01:09:51 PM UTC: 
 exercises.c | 2 +-
 1 file changed, 1 insertion(+), 1 deletion(-)
 tests:  1|6
total_score: 10/70
889f5fd
Fri 12 Aug 2022 01:19:55 PM UTC: 
 exercises.c | 1 +
 1 file changed, 1 insertion(+)
In file included from test.c:5:
exercises.c: In function ‘crearPersona’:
exercises.c:63:18: error: initialization of ‘Persona *’ from incompatible pointer type ‘char *’ [-Werror=incompatible-pointer-types]
   63 |    Persona *a = {nombre,rut,edad};
      |                  ^~~~~~
exercises.c:63:18: note: (near initialization for ‘a’)
exercises.c:63:25: error: excess elements in scalar initializer [-Werror]
   63 |    Persona *a = {nombre,rut,edad};
      |                         ^~~
exercises.c:63:25: note: (near initialization for ‘a’)
exercises.c:63:29: error: excess elements in scalar initializer [-Werror]
   63 |    Persona *a = {nombre,rut,edad};
      |                             ^~~~
exercises.c:63:29: note: (near initialization for ‘a’)
exercises.c:64:11: error: incompatible types when returning type ‘Persona’ but ‘Persona *’ was expected
   64 |    return *a;
      |           ^~
cc1: all warnings being treated as errors
Compilation failed
5c445cb
Fri 12 Aug 2022 01:20:00 PM UTC: 
 exercises.c | 2 +-
 1 file changed, 1 insertion(+), 1 deletion(-)
In file included from test.c:5:
exercises.c: In function ‘crearPersona’:
exercises.c:63:18: error: initialization of ‘Persona *’ from incompatible pointer type ‘char *’ [-Werror=incompatible-pointer-types]
   63 |    Persona *a = {nombre,rut,edad};
      |                  ^~~~~~
exercises.c:63:18: note: (near initialization for ‘a’)
exercises.c:63:25: error: excess elements in scalar initializer [-Werror]
   63 |    Persona *a = {nombre,rut,edad};
      |                         ^~~
exercises.c:63:25: note: (near initialization for ‘a’)
exercises.c:63:29: error: excess elements in scalar initializer [-Werror]
   63 |    Persona *a = {nombre,rut,edad};
      |                             ^~~~
exercises.c:63:29: note: (near initialization for ‘a’)
cc1: all warnings being treated as errors
Compilation failed
7aa5fdb
Fri 12 Aug 2022 01:20:23 PM UTC: 
 exercises.c | 2 +-
 1 file changed, 1 insertion(+), 1 deletion(-)
In file included from test.c:5:
exercises.c: In function ‘crearPersona’:
exercises.c:63:18: error: initialization of ‘Persona *’ from incompatible pointer type ‘char *’ [-Werror=incompatible-pointer-types]
   63 |    Persona *a = {nombre,rut,edad};
      |                  ^~~~~~
exercises.c:63:18: note: (near initialization for ‘a’)
exercises.c:63:25: error: excess elements in scalar initializer [-Werror]
   63 |    Persona *a = {nombre,rut,edad};
      |                         ^~~
exercises.c:63:25: note: (near initialization for ‘a’)
exercises.c:63:29: error: excess elements in scalar initializer [-Werror]
   63 |    Persona *a = {nombre,rut,edad};
      |                             ^~~~
exercises.c:63:29: note: (near initialization for ‘a’)
exercises.c:63:13: error: unused variable ‘a’ [-Werror=unused-variable]
   63 |    Persona *a = {nombre,rut,edad};
      |             ^
cc1: all warnings being treated as errors
Compilation failed
244d1c8
Fri 12 Aug 2022 01:22:42 PM UTC: 
 exercises.c | 2 +-
 1 file changed, 1 insertion(+), 1 deletion(-)
In file included from test.c:5:
exercises.c: In function ‘crearPersona’:
exercises.c:63:18: error: initialization of ‘Persona *’ from incompatible pointer type ‘char *’ [-Werror=incompatible-pointer-types]
   63 |    Persona *a = {nombre,rut,edad};
      |                  ^~~~~~
exercises.c:63:18: note: (near initialization for ‘a’)
exercises.c:63:25: error: excess elements in scalar initializer [-Werror]
   63 |    Persona *a = {nombre,rut,edad};
      |                         ^~~
exercises.c:63:25: note: (near initialization for ‘a’)
exercises.c:63:29: error: excess elements in scalar initializer [-Werror]
   63 |    Persona *a = {nombre,rut,edad};
      |                             ^~~~
exercises.c:63:29: note: (near initialization for ‘a’)
exercises.c:64:11: error: incompatible types when returning type ‘Persona’ but ‘Persona *’ was expected
   64 |    return *a;
      |           ^~
exercises.c:65:1: error: control reaches end of non-void function [-Werror=return-type]
   65 | }
      | ^
cc1: all warnings being treated as errors
Compilation failed
02b4ab0
Fri 12 Aug 2022 01:25:41 PM UTC: 
 exercises.c | 2 +-
 1 file changed, 1 insertion(+), 1 deletion(-)
 tests:  1|6
total_score: 10/70
6d46338
Fri 12 Aug 2022 01:28:53 PM UTC: 
 exercises.c | 2 +-
 1 file changed, 1 insertion(+), 1 deletion(-)
 tests:  2|5
total_score: 20/70
331faff
Fri 12 Aug 2022 09:07:58 PM UTC: 
 exercises.c | 4 ++--
 1 file changed, 2 insertions(+), 2 deletions(-)
In file included from test.c:5:
exercises.c: In function ‘crearPersona’:
exercises.c:63:18: error: initialization of ‘Persona *’ from incompatible pointer type ‘char *’ [-Werror=incompatible-pointer-types]
   63 |    Persona *p = {nombre,rut,edad};
      |                  ^~~~~~
exercises.c:63:18: note: (near initialization for ‘p’)
exercises.c:63:25: error: excess elements in scalar initializer [-Werror]
   63 |    Persona *p = {nombre,rut,edad};
      |                         ^~~
exercises.c:63:25: note: (near initialization for ‘p’)
exercises.c:63:29: error: excess elements in scalar initializer [-Werror]
   63 |    Persona *p = {nombre,rut,edad};
      |                             ^~~~
exercises.c:63:29: note: (near initialization for ‘p’)
exercises.c:64:11: error: incompatible types when returning type ‘Persona’ but ‘Persona *’ was expected
   64 |    return *p;
      |           ^~
exercises.c:65:1: error: control reaches end of non-void function [-Werror=return-type]
   65 | }
      | ^
cc1: all warnings being treated as errors
Compilation failed
0c03149
Fri 12 Aug 2022 09:13:18 PM UTC: 
 exercises.c | 4 ++--
 1 file changed, 2 insertions(+), 2 deletions(-)
In file included from test.c:5:
exercises.c: In function ‘crearPersona’:
exercises.c:63:25: error: expected expression before ‘]’ token
   63 |    Persona *p = {nombre[],rut[],edad};
      |                         ^
exercises.c:63:13: error: unused variable ‘p’ [-Werror=unused-variable]
   63 |    Persona *p = {nombre[],rut[],edad};
      |             ^
cc1: all warnings being treated as errors
Compilation failed
579d353
Fri 12 Aug 2022 09:13:43 PM UTC: 
 exercises.c | 2 +-
 1 file changed, 1 insertion(+), 1 deletion(-)
 tests:  2|5
total_score: 20/70
0c5f8f4
Fri 12 Aug 2022 09:15:10 PM UTC: 
 exercises.c | 2 +-
 1 file changed, 1 insertion(+), 1 deletion(-)
In file included from test.c:5:
exercises.c: In function ‘crearPersona’:
exercises.c:63:25: error: expected expression before ‘]’ token
   63 |    Persona *p = {nombre[],rut[],edad};
      |                         ^
exercises.c:63:13: error: unused variable ‘p’ [-Werror=unused-variable]
   63 |    Persona *p = {nombre[],rut[],edad};
      |             ^
cc1: all warnings being treated as errors
Compilation failed
ce77b84
Fri 12 Aug 2022 09:18:09 PM UTC: 
 exercises.c | 1 +
 1 file changed, 1 insertion(+)
In file included from test.c:5:
exercises.c: In function ‘crearPersona’:
exercises.c:63:25: error: expected expression before ‘]’ token
   63 |    Persona *p = {nombre[],rut[],edad};
      |                         ^
exercises.c:64:7: error: incompatible types when assigning to type ‘Persona *’ from type ‘Persona’
   64 |   p = *p;
      |       ^
Compilation failed
ebc1913
Fri 12 Aug 2022 09:18:24 PM UTC: 
 exercises.c | 2 +-
 1 file changed, 1 insertion(+), 1 deletion(-)
In file included from test.c:5:
exercises.c: In function ‘crearPersona’:
exercises.c:63:25: error: expected expression before ‘]’ token
   63 |    Persona *p = {nombre[],rut[],edad};
      |                         ^
exercises.c:64:11: error: conflicting types for ‘p’
   64 |   Persona p = *p;
      |           ^
exercises.c:63:13: note: previous definition of ‘p’ was here
   63 |    Persona *p = {nombre[],rut[],edad};
      |             ^
exercises.c:64:15: error: invalid type argument of unary ‘*’ (have ‘Persona’)
   64 |   Persona p = *p;
      |               ^~
Compilation failed
da060f4
Fri 12 Aug 2022 09:18:31 PM UTC: 
 exercises.c | 1 -
 1 file changed, 1 deletion(-)
In file included from test.c:5:
exercises.c: In function ‘crearPersona’:
exercises.c:63:25: error: expected expression before ‘]’ token
   63 |    Persona *p = {nombre[],rut[],edad};
      |                         ^
exercises.c:63:13: error: unused variable ‘p’ [-Werror=unused-variable]
   63 |    Persona *p = {nombre[],rut[],edad};
      |             ^
cc1: all warnings being treated as errors
Compilation failed
df68ea4
Fri 12 Aug 2022 09:27:49 PM UTC: 
 exercises.c | 2 ++
 1 file changed, 2 insertions(+)
In file included from test.c:5:
exercises.c: In function ‘crearPersona’:
exercises.c:63:25: error: expected expression before ‘]’ token
   63 |    Persona *p = {nombre[],rut[],edad};
      |                         ^
exercises.c: In function ‘strcpy’:
exercises.c:65:4: error: expected declaration specifiers before ‘return’
   65 |    return NULL;
      |    ^~~~~~
exercises.c:66:1: error: expected declaration specifiers before ‘}’ token
   66 | }
      | ^
exercises.c:79:3: error: storage class specified for parameter ‘Vector’
   79 | } Vector;
      |   ^~~~~~
exercises.c:81:1: error: expected declaration specifiers before ‘Vector’
   81 | Vector * crearVector(int n) {
      | ^~~~~~
exercises.c:91:19: error: expected declaration specifiers or ‘...’ before ‘Vector’
   91 | void asignarValor(Vector * v, int i, int valor) {
      |                   ^~~~~~
exercises.c:100:18: error: expected declaration specifiers or ‘...’ before ‘Vector’
  100 | int obtenerValor(Vector * v, int i) {
      |                  ^~~~~~
exercises.c:109:12: error: expected declaration specifiers or ‘...’ before ‘Vector’
  109 | void sumaV(Vector * a, Vector * b, Vector * c) {
      |            ^~~~~~
exercises.c:109:24: error: expected declaration specifiers or ‘...’ before ‘Vector’
  109 | void sumaV(Vector * a, Vector * b, Vector * c) {
      |                        ^~~~~~
exercises.c:109:36: error: expected declaration specifiers or ‘...’ before ‘Vector’
  109 | void sumaV(Vector * a, Vector * b, Vector * c) {
      |                                    ^~~~~~
exercises.c:118:45: error: expected declaration specifiers or ‘...’ before ‘Vector’
  118 | void sumaV2(int a1, int a2, int b1, int b2, Vector *c){
      |                                             ^~~~~~
test.c:9:1: error: parameter ‘test_id’ is initialized
    9 | int test_id = -1;
      | ^~~
test.c:12:14: error: expected ‘=’, ‘,’, ‘;’, ‘asm’ or ‘__attribute__’ before ‘{’ token
   12 | int success(){
      |              ^
test.c:17:24: error: expected ‘=’, ‘,’, ‘;’, ‘asm’ or ‘__attribute__’ before ‘{’ token
   17 | void err_msg(char* msg){
      |                        ^
test.c:24:23: error: expected ‘=’, ‘,’, ‘;’, ‘asm’ or ‘__attribute__’ before ‘{’ token
   24 | void ok_msg(char* msg){
      |                       ^
test.c:30:25: error: expected ‘=’, ‘,’, ‘;’, ‘asm’ or ‘__attribute__’ before ‘{’ token
   30 | void info_msg(char* msg){
      |                         ^
test.c:35:75: error: expected ‘=’, ‘,’, ‘;’, ‘asm’ or ‘__attribute__’ before ‘{’ token
   35 | int test_suite(int(*test)(), char* msg, int max_score, int id, int req_id){
      |                                                                           ^
test.c:51:16: error: expected ‘=’, ‘,’, ‘;’, ‘asm’ or ‘__attribute__’ before ‘{’ token
   51 | int test_suma(){
      |                ^
test.c:72:18: error: expected ‘=’, ‘,’, ‘;’, ‘asm’ or ‘__attribute__’ before ‘{’ token
   72 | int test_suma_n(){
      |                  ^
test.c:104:17: error: expected ‘=’, ‘,’, ‘;’, ‘asm’ or ‘__attribute__’ before ‘{’ token
  104 | int test_creaP(){
      |                 ^
test.c:129:17: error: expected ‘=’, ‘,’, ‘;’, ‘asm’ or ‘__attribute__’ before ‘{’ token
  129 | int test_creaV(){
      |                 ^
test.c:153:31: error: expected ‘=’, ‘,’, ‘;’, ‘asm’ or ‘__attribute__’ before ‘{’ token
  153 | int test_asignarObtenerValor(){
      |                               ^
test.c:184:17: error: expected ‘=’, ‘,’, ‘;’, ‘asm’ or ‘__attribute__’ before ‘{’ token
  184 | int test_sumaV(){
      |                 ^
test.c:224:18: error: expected ‘=’, ‘,’, ‘;’, ‘asm’ or ‘__attribute__’ before ‘{’ token
  224 | int test_sumaV2(){
      |                  ^
test.c:244:36: error: expected ‘=’, ‘,’, ‘;’, ‘asm’ or ‘__attribute__’ before ‘{’ token
  244 | int main( int argc, char *argv[] ) {
      |                                    ^
In file included from test.c:5:
exercises.c:64:10: error: old-style parameter declarations in prototyped function definition
   64 |    char *strcpy(char *dest, const char *src)
      |          ^~~~~~
test.c:266: error: expected ‘{’ at end of input
  266 | }
      | 
test.c:266:1: error: no return statement in function returning non-void [-Werror=return-type]
  266 | }
      | ^
test.c: In function ‘crearPersona’:
test.c:266:1: error: expected declaration or statement at end of input
In file included from test.c:5:
exercises.c:63:13: error: unused variable ‘p’ [-Werror=unused-variable]
   63 |    Persona *p = {nombre[],rut[],edad};
      |             ^
test.c:266: error: control reaches end of non-void function [-Werror=return-type]
  266 | }
      | 
In file included from test.c:5:
At top level:
exercises.c:64:10: error: ‘strcpy’ defined but not used [-Werror=unused-function]
   64 |    char *strcpy(char *dest, const char *src)
      |          ^~~~~~
cc1: all warnings being treated as errors
Compilation failed
e0c6a52
Fri 12 Aug 2022 09:28:02 PM UTC: 
 exercises.c | 4 ++--
 1 file changed, 2 insertions(+), 2 deletions(-)
In file included from test.c:5:
exercises.c: In function ‘crearVector’:
exercises.c:82:10: error: unused variable ‘V’ [-Werror=unused-variable]
   82 |    int * V = calloc(n,sizeof(int));
      |          ^
cc1: all warnings being treated as errors
Compilation failed
9223553
